<?xml version="1.0" encoding="UTF-8"?>
<!-- Generated by org.testng.reporters.JUnitXMLReporter -->
<testsuite ignored="0" hostname="LAPTOP-085J8J9J" failures="0" tests="3" name="Default test" time="17.393" errors="0" timestamp="2021-03-12T21:06:24 EST">
  <testcase classname="swapi_tests.Functional_Tests" name="search_for_a_char_Invaliddata" time="1.195"/>
  <testcase classname="swapi_tests.Functional_Tests" name="search_for_a_char_Null" time="0.416"/>
  <testcase classname="swapi_tests.Functional_Tests" name="search_for_a_char_validdata" time="0.417"/>
</testsuite> <!-- Default test -->
